<?xml version="1.0" encoding="UTF-8"?>
<!-- Generated by org.testng.reporters.JUnitReportReporter -->
<testsuite hostname="DESKTOP-50M2C9S" failures="0" tests="3" name="com.test.loginPageTest" time="6.635" errors="0" timestamp="2024-11-16T14:00:34 EST" skipped="0">
  <testcase classname="com.test.loginPageTest" name="loginPageTitleTest" time="1.829"/>
  <testcase classname="com.test.loginPageTest" name="facebookLogoCheck" time="2.752"/>
  <testcase classname="com.test.loginPageTest" name="logInTest" time="2.054"/>
</testsuite> <!-- com.test.loginPageTest -->
