<?xml version="1.0" encoding="UTF-8"?>
<!-- Generated by org.testng.reporters.JUnitReportReporter -->
<testsuite hostname="DESKTOP-50M2C9S" failures="0" tests="1" name="com.test.HeaadersInfo" time="1.843" errors="0" timestamp="2024-11-18T18:34:37 EST" skipped="0">
  <testcase classname="com.test.HeaadersInfo" name="getAllHeadersInfo" time="1.843"/>
</testsuite> <!-- com.test.HeaadersInfo -->
