<?xml version="1.0" encoding="UTF-8"?>
<!-- Generated by org.testng.reporters.JUnitReportReporter -->
<testsuite hostname="DESKTOP-50M2C9S" failures="0" tests="1" name="com.test.PathAndQueryRestAssured" time="1.945" errors="0" timestamp="2024-11-18T14:37:51 EST" skipped="0">
  <testcase classname="com.test.PathAndQueryRestAssured" name="pathAndQueryParameter" time="1.945"/>
</testsuite> <!-- com.test.PathAndQueryRestAssured -->
