<?xml version="1.0" encoding="UTF-8"?>
<!-- Generated by org.testng.reporters.JUnitReportReporter -->
<testsuite hostname="DESKTOP-50M2C9S" failures="0" tests="2" name="firstTest" time="0.015" errors="0" timestamp="2024-11-01T16:30:59 EDT" skipped="0">
  <testcase classname="firstTest" name="loginDetail" time="0.014"/>
  <testcase classname="firstTest" name="secondLogin" time="0.001"/>
</testsuite> <!-- firstTest -->
