<?xml version="1.0" encoding="UTF-8"?>
<!-- Generated by org.testng.reporters.JUnitReportReporter -->
<testsuite hostname="DESKTOP-50M2C9S" failures="0" tests="1" name="com.test.cookiesDemoRestAssured" time="1.838" errors="0" timestamp="2024-11-18T15:22:50 EST" skipped="0">
  <testcase classname="com.test.cookiesDemoRestAssured" name="getCaptureCookieInfo" time="1.838"/>
</testsuite> <!-- com.test.cookiesDemoRestAssured -->
