<?xml version="1.0" encoding="UTF-8"?>
<!-- Generated by org.testng.reporters.JUnitReportReporter -->
<testsuite hostname="DESKTOP-50M2C9S" failures="0" tests="1" name="com.test.RestAssuredPost" time="1.974" errors="0" timestamp="2024-11-24T20:38:57 EST" skipped="0">
  <testcase classname="com.test.RestAssuredPost" name="createPostUsingExternalJson" time="1.974"/>
</testsuite> <!-- com.test.RestAssuredPost -->
