<?xml version="1.0" encoding="UTF-8"?>
<!-- Generated by org.testng.reporters.JUnitReportReporter -->
<testsuite hostname="DESKTOP-50M2C9S" failures="0" tests="3" name="com.test.GoogleTest" time="2.381" errors="0" timestamp="2024-11-03T09:48:30 EST" skipped="0">
  <testcase classname="com.test.GoogleTest" name="navigateURL" time="2.080"/>
  <testcase classname="com.test.GoogleTest" name="logIn" time="0.040"/>
  <testcase classname="com.test.GoogleTest" name="loginFB" time="0.261"/>
</testsuite> <!-- com.test.GoogleTest -->
