<?xml version="1.0" encoding="UTF-8"?>
<!-- Generated by org.testng.reporters.JUnitReportReporter -->
<testsuite hostname="DESKTOP-50M2C9S" failures="0" tests="4" name="com.test.RestAssuredOne" time="2.885" errors="0" timestamp="2025-03-06T13:40:21 EST" skipped="0">
  <testcase classname="com.test.RestAssuredOne" name="getUser" time="1.964"/>
  <testcase classname="com.test.RestAssuredOne" name="createUser" time="0.513"/>
  <testcase classname="com.test.RestAssuredOne" name="updateUser" time="0.216"/>
  <testcase classname="com.test.RestAssuredOne" name="deleteUser" time="0.192"/>
</testsuite> <!-- com.test.RestAssuredOne -->
